
> mongodbmyadmin@0.0.0 dev
> vite --open --host --port 5173

Port 5173 is in use, trying another one...
Port 5174 is in use, trying another one...

  VITE v7.1.4  ready in 110 ms

  ➜  Local:   http://localhost:5175/
  ➜  Network: http://192.168.1.173:5175/
  ➜  Network: http://10.5.0.2:5175/
9:07:12 PM [vite] (client) page reload index.html
9:07:18 PM [vite] (client) page reload index.html
9:17:09 PM [vite] (client) hmr update /src/MongoVisualAdmin.tsx
9:17:13 PM [vite] (client) hmr update /src/MongoVisualAdmin.tsx
9:17:36 PM [vite] (client) hmr update /src/MongoVisualAdmin.tsx
9:18:05 PM [vite] (client) hmr update /src/MongoVisualAdmin.tsx
12:22:13 PM [vite] (client) hmr update /src/MongoVisualAdmin.tsx
12:22:57 PM [vite] (client) hmr update /src/MongoVisualAdmin.tsx
12:23:19 PM [vite] (client) hmr update /src/MongoVisualAdmin.tsx
12:23:35 PM [vite] (client) hmr update /src/MongoVisualAdmin.tsx
12:25:51 PM [vite] (client) hmr update /src/MongoVisualAdmin.tsx
12:26:32 PM [vite] (client) hmr update /src/MongoVisualAdmin.tsx
12:28:24 PM [vite] (client) hmr update /src/MongoVisualAdmin.tsx
12:28:31 PM [vite] (client) hmr update /src/MongoVisualAdmin.tsx
12:28:42 PM [vite] (client) hmr update /src/MongoVisualAdmin.tsx
12:30:05 PM [vite] (client) hmr update /src/MongoVisualAdmin.tsx
12:30:17 PM [vite] (client) hmr update /src/MongoVisualAdmin.tsx
12:30:22 PM [vite] (client) hmr update /src/MongoVisualAdmin.tsx
12:33:18 PM [vite] (client) hmr update /src/MongoVisualAdmin.tsx
12:36:51 PM [vite] (client) hmr update /src/MongoVisualAdmin.tsx
12:38:28 PM [vite] (client) hmr update /src/MongoVisualAdmin.tsx
12:38:30 PM [vite] (client) hmr update /src/MongoVisualAdmin.tsx
12:38:47 PM [vite] (client) hmr update /src/MongoVisualAdmin.tsx
12:41:46 PM [vite] (client) hmr update /src/MongoVisualAdmin.tsx
12:42:25 PM [vite] (client) hmr update /src/MongoVisualAdmin.tsx
12:43:27 PM [vite] (client) hmr update /src/MongoVisualAdmin.tsx
12:45:14 PM [vite] (client) hmr update /src/MongoVisualAdmin.tsx
12:45:17 PM [vite] (client) hmr update /src/MongoVisualAdmin.tsx
12:46:34 PM [vite] (client) hmr update /src/MongoVisualAdmin.tsx
12:47:11 PM [vite] (client) hmr update /src/MongoVisualAdmin.tsx
12:47:14 PM [vite] (client) hmr update /src/MongoVisualAdmin.tsx
12:47:47 PM [vite] (client) hmr update /src/MongoVisualAdmin.tsx
12:49:26 PM [vite] (client) hmr update /src/MongoVisualAdmin.tsx
1:16:09 PM [vite] (client) hmr update /src/App.tsx
1:16:17 PM [vite] (client) hmr update /src/App.tsx
1:16:19 PM [vite] (client) hmr update /src/App.tsx
1:16:25 PM [vite] (client) hmr update /src/App.tsx
1:16:28 PM [vite] (client) hmr update /src/App.tsx
1:16:32 PM [vite] (client) hmr update /src/App.tsx
1:16:36 PM [vite] (client) hmr update /src/App.tsx
1:16:42 PM [vite] (client) hmr update /src/App.tsx
1:16:47 PM [vite] (client) hmr update /src/App.tsx
1:17:01 PM [vite] (client) hmr update /src/App.tsx
1:17:06 PM [vite] (client) hmr update /src/App.tsx
1:17:09 PM [vite] (client) hmr update /src/App.tsx
1:17:11 PM [vite] (client) hmr update /src/App.tsx
1:17:13 PM [vite] (client) hmr update /src/App.tsx
1:17:16 PM [vite] (client) hmr update /src/App.tsx
1:17:19 PM [vite] (client) hmr update /src/App.tsx
1:17:24 PM [vite] (client) hmr update /src/App.tsx
1:17:33 PM [vite] (client) hmr update /src/App.tsx
1:17:35 PM [vite] (client) hmr update /src/App.tsx
1:17:44 PM [vite] (client) hmr update /src/App.tsx
1:17:47 PM [vite] (client) hmr update /src/App.tsx
1:17:48 PM [vite] (client) hmr update /src/App.tsx
1:17:50 PM [vite] (client) hmr update /src/App.tsx
1:17:56 PM [vite] (client) hmr update /src/App.tsx
1:17:57 PM [vite] (client) hmr update /src/App.tsx
1:23:41 PM [vite] (client) hmr update /src/App.tsx
1:27:56 PM [vite] (client) hmr update /src/App.tsx
1:30:39 PM [vite] (client) hmr update /src/App.tsx
1:31:07 PM [vite] (client) hmr update /src/App.tsx
1:31:12 PM [vite] (client) hmr update /src/App.tsx
1:34:11 PM [vite] (client) hmr update /src/App.tsx
1:34:12 PM [vite] (client) hmr update /src/App.tsx
1:34:24 PM [vite] (client) hmr update /src/App.tsx
1:34:29 PM [vite] (client) hmr update /src/App.tsx
1:34:42 PM [vite] (client) hmr update /src/App.tsx
1:34:45 PM [vite] (client) hmr update /src/App.tsx
1:34:48 PM [vite] (client) hmr update /src/App.tsx
1:34:51 PM [vite] (client) hmr update /src/App.tsx
1:35:54 PM [vite] (client) hmr update /src/App.tsx
1:36:18 PM [vite] (client) hmr update /src/App.tsx
1:36:21 PM [vite] (client) hmr update /src/App.tsx
1:36:36 PM [vite] (client) hmr update /src/App.tsx
1:36:38 PM [vite] (client) hmr update /src/App.tsx
1:36:48 PM [vite] (client) hmr update /src/App.tsx
1:36:52 PM [vite] (client) hmr update /src/App.tsx
1:36:54 PM [vite] (client) hmr update /src/App.tsx
1:37:10 PM [vite] (client) hmr update /src/App.tsx
1:37:29 PM [vite] (client) hmr update /src/App.tsx
1:37:47 PM [vite] (client) hmr update /src/App.tsx
1:37:50 PM [vite] (client) hmr update /src/App.tsx
1:38:07 PM [vite] (client) hmr update /src/App.tsx
1:38:09 PM [vite] (client) hmr update /src/App.tsx
1:38:15 PM [vite] (client) hmr update /src/App.tsx
1:38:18 PM [vite] (client) hmr update /src/App.tsx
1:38:26 PM [vite] (client) hmr update /src/App.tsx
1:38:28 PM [vite] (client) hmr update /src/App.tsx
1:38:29 PM [vite] (client) hmr update /src/App.tsx
1:38:35 PM [vite] (client) hmr update /src/App.tsx
1:38:38 PM [vite] (client) hmr update /src/App.tsx
1:42:11 PM [vite] (client) hmr update /src/App.tsx
1:42:18 PM [vite] (client) hmr update /src/App.tsx
1:42:19 PM [vite] (client) hmr update /src/App.tsx
1:42:21 PM [vite] (client) hmr update /src/App.tsx
1:42:25 PM [vite] (client) hmr update /src/App.tsx
1:42:27 PM [vite] (client) hmr update /src/App.tsx
1:42:29 PM [vite] (client) hmr update /src/App.tsx
1:42:34 PM [vite] (client) hmr update /src/App.tsx
1:44:46 PM [vite] (client) hmr update /src/App.tsx
1:44:49 PM [vite] (client) hmr update /src/App.tsx
1:45:19 PM [vite] (client) hmr update /src/App.tsx
1:45:28 PM [vite] (client) hmr update /src/App.tsx
1:45:51 PM [vite] (client) hmr update /src/App.tsx
1:55:40 PM [vite] (client) hmr update /src/App.tsx
1:55:51 PM [vite] (client) hmr update /src/App.tsx
1:55:56 PM [vite] (client) hmr update /src/App.tsx
1:56:06 PM [vite] (client) hmr update /src/App.tsx
1:56:16 PM [vite] (client) hmr update /src/App.tsx
1:58:25 PM [vite] (client) hmr update /src/App.tsx
2:06:40 PM [vite] (client) hmr update /src/App.tsx
2:06:43 PM [vite] (client) hmr update /src/App.tsx
2:06:45 PM [vite] (client) hmr update /src/App.tsx
2:06:47 PM [vite] (client) hmr update /src/App.tsx
2:07:29 PM [vite] (client) hmr update /src/App.tsx
2:07:39 PM [vite] (client) hmr update /src/App.tsx
2:09:16 PM [vite] (client) hmr update /src/App.tsx
2:09:50 PM [vite] (client) hmr update /src/App.tsx
2:09:53 PM [vite] (client) hmr update /src/App.tsx
2:09:54 PM [vite] (client) hmr update /src/App.tsx
2:10:01 PM [vite] (client) hmr update /src/App.tsx
2:12:10 PM [vite] (client) hmr update /src/App.tsx
2:12:13 PM [vite] (client) hmr update /src/App.tsx
2:12:14 PM [vite] (client) hmr update /src/App.tsx
2:12:17 PM [vite] (client) hmr update /src/App.tsx
2:32:35 PM [vite] (client) hmr update /src/App.tsx
2:33:12 PM [vite] (client) hmr update /src/App.tsx
2:33:15 PM [vite] (client) hmr update /src/App.tsx
2:34:16 PM [vite] (client) hmr update /src/App.tsx
2:34:19 PM [vite] (client) hmr update /src/App.tsx
4:24:26 PM [vite] (client) hmr update /src/App.tsx
4:24:27 PM [vite] (client) hmr update /src/App.tsx
4:37:24 PM [vite] (client) hmr update /src/App.tsx
4:38:53 PM [vite] (client) hmr update /src/App.tsx
4:38:57 PM [vite] (client) hmr update /src/App.tsx
4:39:10 PM [vite] (client) hmr update /src/App.tsx
4:39:22 PM [vite] (client) hmr update /src/App.tsx
4:39:29 PM [vite] (client) hmr update /src/App.tsx
4:39:39 PM [vite] (client) hmr update /src/App.tsx
4:39:47 PM [vite] (client) hmr update /src/App.tsx
4:39:52 PM [vite] (client) hmr update /src/App.tsx
4:39:55 PM [vite] (client) hmr update /src/App.tsx
4:48:53 PM [vite] (client) hmr update /src/App.tsx
4:49:13 PM [vite] (client) hmr update /src/App.tsx
4:58:19 PM [vite] (client) hmr update /src/App.tsx
4:58:21 PM [vite] (client) hmr update /src/App.tsx
4:58:25 PM [vite] (client) hmr update /src/App.tsx
4:59:07 PM [vite] (client) hmr update /src/App.tsx
4:59:10 PM [vite] (client) hmr update /src/App.tsx
4:59:15 PM [vite] (client) hmr update /src/App.tsx
5:00:02 PM [vite] (client) hmr update /src/App.tsx
5:10:01 PM [vite] (client) hmr update /src/App.tsx
5:10:06 PM [vite] (client) hmr update /src/App.tsx
5:10:26 PM [vite] (client) hmr update /src/App.tsx
5:10:39 PM [vite] (client) hmr update /src/App.tsx
5:10:47 PM [vite] (client) hmr update /src/App.tsx
5:11:02 PM [vite] (client) hmr update /src/App.tsx
5:12:34 PM [vite] (client) hmr update /src/App.tsx
5:13:02 PM [vite] (client) hmr update /src/App.tsx
5:13:11 PM [vite] (client) hmr update /src/App.tsx
11:43:47 AM [vite] (client) hmr update /src/App.tsx
11:43:54 AM [vite] (client) hmr update /src/App.tsx
12:13:30 PM [vite] (client) hmr update /src/App.tsx
12:13:33 PM [vite] (client) hmr update /src/App.tsx
12:13:38 PM [vite] (client) hmr update /src/App.tsx
4:10:55 PM [vite] (client) hmr update /src/App.tsx
4:10:59 PM [vite] (client) hmr update /src/App.tsx
4:11:01 PM [vite] (client) hmr update /src/App.tsx
4:11:07 PM [vite] (client) hmr update /src/App.tsx
4:11:50 PM [vite] (client) hmr update /src/App.tsx
4:11:52 PM [vite] (client) hmr update /src/App.tsx
4:15:28 PM [vite] (client) hmr update /src/App.tsx
4:15:49 PM [vite] (client) hmr update /src/App.tsx
4:16:15 PM [vite] (client) hmr update /src/App.tsx
4:16:20 PM [vite] (client) hmr update /src/App.tsx
4:16:25 PM [vite] (client) hmr update /src/App.tsx
te /src/App.tsx
4:24:26 PM [vite] (client) hmr update /src/App.tsx
4:24:27 PM [vite] (client) hmr update /src/App.tsx
4:37:24 PM [vite] (client) hmr update /src/App.tsx
4:38:53 PM [vite] (client) hmr update /src/App.tsx
4:38:57 PM [vite] (client) hmr update /src/App.tsx
4:39:10 PM [vite] (client) hmr update /src/App.tsx
4:39:22 PM [vite] (client) hmr update /src/App.tsx
4:39:29 PM [vite] (client) hmr update /src/App.tsx
4:39:39 PM [vite] (client) hmr update /src/App.tsx
4:39:47 PM [vite] (client) hmr update /src/App.tsx
4:39:52 PM [vite] (client) hmr update /src/App.tsx
4:39:55 PM [vite] (client) hmr update /src/App.tsx
4:48:53 PM [vite] (client) hmr update /src/App.tsx
4:49:13 PM [vite] (client) hmr update /src/App.tsx
4:58:19 PM [vite] (client) hmr update /src/App.tsx
4:58:21 PM [vite] (client) hmr update /src/App.tsx
4:58:25 PM [vite] (client) hmr update /src/App.tsx
4:59:07 PM [vite] (client) hmr update /src/App.tsx
4:59:10 PM [vite] (client) hmr update /src/App.tsx
4:59:15 PM [vite] (client) hmr update /src/App.tsx
5:00:02 PM [vite] (client) hmr update /src/App.tsx
5:10:01 PM [vite] (client) hmr update /src/App.tsx
5:10:06 PM [vite] (client) hmr update /src/App.tsx
5:10:26 PM [vite] (client) hmr update /src/App.tsx
5:10:39 PM [vite] (client) hmr update /src/App.tsx
5:10:47 PM [vite] (client) hmr update /src/App.tsx
5:11:02 PM [vite] (client) hmr update /src/App.tsx
5:12:34 PM [vite] (client) hmr update /src/App.tsx
5:13:02 PM [vite] (client) hmr update /src/App.tsx
5:13:11 PM [vite] (client) hmr update /src/App.tsx
11:43:47 AM [vite] (client) hmr update /src/App.tsx
11:43:54 AM [vite] (client) hmr update /src/App.tsx
12:13:30 PM [vite] (client) hmr update /src/App.tsx
12:13:33 PM [vite] (client) hmr update /src/App.tsx
12:13:38 PM [vite] (client) hmr update /src/App.tsx
4:10:55 PM [vite] (client) hmr update /src/App.tsx
4:10:59 PM [vite] (client) hmr update /src/App.tsx
4:11:01 PM [vite] (client) hmr update /src/App.tsx
4:11:07 PM [vite] (client) hmr update /src/App.tsx
4:11:50 PM [vite] (client) hmr update /src/App.tsx
4:11:52 PM [vite] (client) hmr update /src/App.tsx
4:15:28 PM [vite] (client) hmr update /src/App.tsx
4:15:49 PM [vite] (client) hmr update /src/App.tsx
4:16:15 PM [vite] (client) hmr update /src/App.tsx
4:16:20 PM [vite] (client) hmr update /src/App.tsx
4:16:25 PM [vite] (client) hmr update /src/App.tsx
